<?xml version="1.0" encoding="UTF-8"?>
<testsuite xmlns:xsi="http://www.w3.org/2001/XMLSchema-instance" xsi:noNamespaceSchemaLocation="https://maven.apache.org/surefire/maven-surefire-plugin/xsd/surefire-test-report-3.0.xsd" version="3.0" name="com.appsdeveloperblog.estore.WithdrawalService.WithdrawalServiceApplicationTests" time="1.11" tests="1" errors="0" skipped="0" failures="0">
  <properties>
[...]
</properties>
  <testcase name="contextLoads" classname="com.appsdeveloperblog.estore.WithdrawalService.WithdrawalServiceApplicationTests" time="0.378">
    <system-out><![CDATA[19:32:47.733 [main] INFO org.springframework.test.context.support.AnnotationConfigContextLoaderUtils -- Could not detect default configuration classes for test class [com.appsdeveloperblog.estore.WithdrawalService.WithdrawalServiceApplicationTests]: WithdrawalServiceApplicationTests does not declare any static, non-private, non-final, nested classes annotated with @Configuration.
19:32:47.769 [main] INFO org.springframework.boot.test.context.SpringBootTestContextBootstrapper -- Found @SpringBootConfiguration com.appsdeveloperblog.estore.WithdrawalService.WithdrawalServiceApplication for test class com.appsdeveloperblog.estore.WithdrawalService.WithdrawalServiceApplicationTests

  .   ____          _            __ _ _
 /\\ / ___'_ __ _ _(_)_ __  __ _ \ \ \ \
( ( )\___ | '_ | '_| | '_ \/ _` | \ \ \ \
 \\/  ___)| |_)| | | | | || (_| |  ) ) ) )
  '  |____| .__|_| |_|_| |_\__, | / / / /
 =========|_|==============|___/=/_/_/_/
 :: Spring Boot ::                (v3.2.3)

2024-12-05T19:32:47.899+05:30  INFO 42788 --- [           main] .a.e.W.WithdrawalServiceApplicationTests : Starting WithdrawalServiceApplicationTests using Java 17.0.9 with PID 42788 (started by sampadadhekane in /Users/sampadadhekane/Documents/Rushikesh/Projects Spring/Kafka/Kafka projects/WithdrawalService)
2024-12-05T19:32:47.899+05:30  INFO 42788 --- [           main] .a.e.W.WithdrawalServiceApplicationTests : No active profile set, falling back to 1 default profile: "default"
2024-12-05T19:32:48.363+05:30  INFO 42788 --- [           main] o.a.k.clients.consumer.ConsumerConfig    : ConsumerConfig values: 
	allow.auto.create.topics = true
	auto.commit.interval.ms = 5000
	auto.include.jmx.reporter = true
	auto.offset.reset = latest
	bootstrap.servers = [localhost:9092]
	check.crcs = true
	client.dns.lookup = use_all_dns_ips
	client.id = consumer-amount-widthrawal-event-1
	client.rack = 
	connections.max.idle.ms = 540000
	default.api.timeout.ms = 60000
	enable.auto.commit = false
	exclude.internal.topics = true
	fetch.max.bytes = 52428800
	fetch.max.wait.ms = 500
	fetch.min.bytes = 1
	group.id = amount-widthrawal-event
	group.instance.id = null
	heartbeat.interval.ms = 3000
	interceptor.classes = []
	internal.leave.group.on.close = true
	internal.throw.on.fetch.stable.offset.unsupported = false
	isolation.level = read_committed
	key.deserializer = class org.apache.kafka.common.serialization.StringDeserializer
	max.partition.fetch.bytes = 1048576
	max.poll.interval.ms = 300000
	max.poll.records = 500
	metadata.max.age.ms = 300000
	metric.reporters = []
	metrics.num.samples = 2
	metrics.recording.level = INFO
	metrics.sample.window.ms = 30000
	partition.assignment.strategy = [class org.apache.kafka.clients.consumer.RangeAssignor, class org.apache.kafka.clients.consumer.CooperativeStickyAssignor]
	receive.buffer.bytes = 65536
	reconnect.backoff.max.ms = 1000
	reconnect.backoff.ms = 50
	request.timeout.ms = 30000
	retry.backoff.ms = 100
	sasl.client.callback.handler.class = null
	sasl.jaas.config = null
	sasl.kerberos.kinit.cmd = /usr/bin/kinit
	sasl.kerberos.min.time.before.relogin = 60000
	sasl.kerberos.service.name = null
	sasl.kerberos.ticket.renew.jitter = 0.05
	sasl.kerberos.ticket.renew.window.factor = 0.8
	sasl.login.callback.handler.class = null
	sasl.login.class = null
	sasl.login.connect.timeout.ms = null
	sasl.login.read.timeout.ms = null
	sasl.login.refresh.buffer.seconds = 300
	sasl.login.refresh.min.period.seconds = 60
	sasl.login.refresh.window.factor = 0.8
	sasl.login.refresh.window.jitter = 0.05
	sasl.login.retry.backoff.max.ms = 10000
	sasl.login.retry.backoff.ms = 100
	sasl.mechanism = GSSAPI
	sasl.oauthbearer.clock.skew.seconds = 30
	sasl.oauthbearer.expected.audience = null
	sasl.oauthbearer.expected.issuer = null
	sasl.oauthbearer.jwks.endpoint.refresh.ms = 3600000
	sasl.oauthbearer.jwks.endpoint.retry.backoff.max.ms = 10000
	sasl.oauthbearer.jwks.endpoint.retry.backoff.ms = 100
	sasl.oauthbearer.jwks.endpoint.url = null
	sasl.oauthbearer.scope.claim.name = scope
	sasl.oauthbearer.sub.claim.name = sub
	sasl.oauthbearer.token.endpoint.url = null
	security.protocol = PLAINTEXT
	security.providers = null
	send.buffer.bytes = 131072
	session.timeout.ms = 45000
	socket.connection.setup.timeout.max.ms = 30000
	socket.connection.setup.timeout.ms = 10000
	ssl.cipher.suites = null
	ssl.enabled.protocols = [TLSv1.2, TLSv1.3]
	ssl.endpoint.identification.algorithm = https
	ssl.engine.factory.class = null
	ssl.key.password = null
	ssl.keymanager.algorithm = SunX509
	ssl.keystore.certificate.chain = null
	ssl.keystore.key = null
	ssl.keystore.location = null
	ssl.keystore.password = null
	ssl.keystore.type = JKS
	ssl.protocol = TLSv1.3
	ssl.provider = null
	ssl.secure.random.implementation = null
	ssl.trustmanager.algorithm = PKIX
	ssl.truststore.certificates = null
	ssl.truststore.location = null
	ssl.truststore.password = null
	ssl.truststore.type = JKS
	value.deserializer = class org.springframework.kafka.support.serializer.ErrorHandlingDeserializer

2024-12-05T19:32:48.412+05:30  INFO 42788 --- [           main] o.a.kafka.common.utils.AppInfoParser     : Kafka version: 3.6.1
2024-12-05T19:32:48.412+05:30  INFO 42788 --- [           main] o.a.kafka.common.utils.AppInfoParser     : Kafka commitId: 5e3c2b738d253ff5
2024-12-05T19:32:48.412+05:30  INFO 42788 --- [           main] o.a.kafka.common.utils.AppInfoParser     : Kafka startTimeMs: 1733407368411
2024-12-05T19:32:48.413+05:30  INFO 42788 --- [           main] fkaConsumerFactory$ExtendedKafkaConsumer : [Consumer clientId=consumer-amount-widthrawal-event-1, groupId=amount-widthrawal-event] Subscribed to topic(s): withdraw-money-topic
2024-12-05T19:32:48.419+05:30  INFO 42788 --- [           main] .a.e.W.WithdrawalServiceApplicationTests : Started WithdrawalServiceApplicationTests in 0.604 seconds (process running for 0.951)
2024-12-05T19:32:48.555+05:30  INFO 42788 --- [ntainer#0-0-C-1] org.apache.kafka.clients.Metadata        : [Consumer clientId=consumer-amount-widthrawal-event-1, groupId=amount-widthrawal-event] Cluster ID: QsxqpuADRWCVyAN5stbhjw
2024-12-05T19:32:48.559+05:30  INFO 42788 --- [ntainer#0-0-C-1] o.a.k.c.c.internals.ConsumerCoordinator  : [Consumer clientId=consumer-amount-widthrawal-event-1, groupId=amount-widthrawal-event] Discovered group coordinator localhost:9094 (id: 2147483645 rack: null)
2024-12-05T19:32:48.560+05:30  INFO 42788 --- [ntainer#0-0-C-1] o.a.k.c.c.internals.ConsumerCoordinator  : [Consumer clientId=consumer-amount-widthrawal-event-1, groupId=amount-widthrawal-event] (Re-)joining group
2024-12-05T19:32:48.575+05:30  INFO 42788 --- [ntainer#0-0-C-1] o.a.k.c.c.internals.ConsumerCoordinator  : [Consumer clientId=consumer-amount-widthrawal-event-1, groupId=amount-widthrawal-event] Request joining group due to: need to re-join with the given member-id: consumer-amount-widthrawal-event-1-603ebba9-ec8a-4c32-bbad-261b1c8a2b6f
2024-12-05T19:32:48.576+05:30  INFO 42788 --- [ntainer#0-0-C-1] o.a.k.c.c.internals.ConsumerCoordinator  : [Consumer clientId=consumer-amount-widthrawal-event-1, groupId=amount-widthrawal-event] Request joining group due to: rebalance failed due to 'The group member needs to have a valid member id before actually entering a consumer group.' (MemberIdRequiredException)
2024-12-05T19:32:48.576+05:30  INFO 42788 --- [ntainer#0-0-C-1] o.a.k.c.c.internals.ConsumerCoordinator  : [Consumer clientId=consumer-amount-widthrawal-event-1, groupId=amount-widthrawal-event] (Re-)joining group
]]></system-out>
  </testcase>
</testsuite>